app/build-f01-isolated/outputs/logs/manifest-merger-debug-report.txt
-- Merging decision tree log ---
provider#androidx.core.content.FileProvider
INJECTED from src\main\AndroidManifest.xml:48:9-56:20
	android:grantUriPermissions
		ADDED from src\main\AndroidManifest.xml:52:13-47
	android:authorities
		INJECTED from src\main\AndroidManifest.xml
		ADDED from src\main\AndroidManifest.xml:50:13-64
	android:exported
		ADDED from src\main\AndroidManifest.xml:51:13-37
	android:name
		ADDED from src\main\AndroidManifest.xml:49:13-62
provider#androidx.startup.InitializationProvider
INJECTED from src\main\AndroidManifest.xml:58:9-67:20
MERGED from [androidx.work:work-runtime:2.11.1] AndroidManifest.xml:29:9-37:20
MERGED from [androidx.work:work-runtime:2.11.1] AndroidManifest.xml:29:9-37:20
MERGED from [androidx.emoji2:emoji2:1.4.0] AndroidManifest.xml:24:9-32:20
MERGED from [androidx.emoji2:emoji2:1.4.0] AndroidManifest.xml:24:9-32:20
MERGED from [androidx.lifecycle:lifecycle-process:2.10.0] AndroidManifest.xml:24:9-32:20
MERGED from [androidx.lifecycle:lifecycle-process:2.10.0] AndroidManifest.xml:24:9-32:20
MERGED from [androidx.profileinstaller:profileinstaller:1.4.0] AndroidManifest.xml:24:9-32:20
MERGED from [androidx.profileinstaller:profileinstaller:1.4.0] AndroidManifest.xml:24:9-32:20
MERGED from [androidx.startup:startup-runtime:1.1.1] AndroidManifest.xml:26:9-30:34
MERGED from [androidx.startup:startup-runtime:1.1.1] AndroidManifest.xml:26:9-30:34
	tools:node
		ADDED from src\main\AndroidManifest.xml:62:13-31
	android:authorities
		INJECTED from src\main\AndroidManifest.xml
		ADDED from src\main\AndroidManifest.xml:60:13-68
	android:exported
		ADDED from src\main\AndroidManifest.xml:61:13-37
	android:name
		ADDED from src\main\AndroidManifest.xml:59:13-67
manifest
ADDED from src\main\AndroidManifest.xml:2:1-135:12
INJECTED from src\main\AndroidManifest.xml:2:1-135:12
INJECTED from src\main\AndroidManifest.xml:2:1-135:12
INJECTED from src\main\AndroidManifest.xml:2:1-135:12
MERGED from [:map] AndroidManifest.xml:2:1-18:12
MERGED from [:dashboard] AndroidManifest.xml:2:1-7:12
MERGED from [:tracker] AndroidManifest.xml:2:1-76:12
MERGED from [:activity] AndroidManifest.xml:2:1-27:12
MERGED from [:game] AndroidManifest.xml:2:1-25:12
MERGED from [:points] AndroidManifest.xml:2:1-9:12
MERGED from [:impexp] AndroidManifest.xml:2:1-8:12
MERGED from [:statistics] AndroidManifest.xml:2:1-22:12
MERGED from [:smap] AndroidManifest.xml:2:1-7:12
MERGED from [:sutils] AndroidManifest.xml:2:1-10:12
MERGED from [:logger] AndroidManifest.xml:2:1-7:12
MERGED from [:spreferences] AndroidManifest.xml:2:1-7:12
MERGED from [:stats-data] AndroidManifest.xml:2:1-7:12
MERGED from [:sbase] AndroidManifest.xml:2:1-10:12
MERGED from [androidx.hilt:hilt-navigation-compose:1.3.0] AndroidManifest.xml:2:1-7:12
MERGED from [com.google.accompanist:accompanist-permissions:0.37.3] AndroidManifest.xml:17:1-23:12
MERGED from [com.github.adsamcik:Recycler:1.0.0] AndroidManifest.xml:2:1-11:12
MERGED from [com.google.android.material:material:1.13.0-rc01] AndroidManifest.xml:17:1-24:12
MERGED from [androidx.constraintlayout:constraintlayout:2.2.1] AndroidManifest.xml:2:1-9:12
MERGED from [com.github.adsamcik:slider:2.1.0] AndroidManifest.xml:2:1-10:12
MERGED from [androidx.preference:preference-ktx:1.1.1] AndroidManifest.xml:17:1-24:12
MERGED from [androidx.preference:preference:1.2.1] AndroidManifest.xml:17:1-24:12
MERGED from [com.github.adsamcik:spotlight:2.2.3] AndroidManifest.xml:2:1-17:12
MERGED from [de.psdev.licensesdialog:licensesdialog:2.2.0] AndroidManifest.xml:17:1-26:12
MERGED from [androidx.appcompat:appcompat-resources:1.7.1] AndroidManifest.xml:2:1-7:12
MERGED from [androidx.appcompat:appcompat:1.7.1] AndroidManifest.xml:2:1-7:12
MERGED from [androidx.hilt:hilt-work:1.3.0] AndroidManifest.xml:17:1-22:12
MERGED from [androidx.hilt:hilt-lifecycle-viewmodel-compose:1.3.0] AndroidManifest.xml:2:1-7:12
MERGED from [androidx.hilt:hilt-lifecycle-viewmodel:1.3.0] AndroidManifest.xml:2:1-7:12
MERGED from [com.google.dagger:hilt-android:2.59.2] AndroidManifest.xml:16:1-19:12
MERGED from [androidx.navigation:navigation-common-android:2.9.7] AndroidManifest.xml:17:1-22:12
MERGED from [androidx.navigation:navigation-compose-android:2.9.7] AndroidManifest.xml:2:1-7:12
MERGED from [androidx.navigation:navigation-runtime-android:2.9.7] AndroidManifest.xml:17:1-22:12
MERGED from [com.google.android.gms:play-services-location:21.3.0] AndroidManifest.xml:2:1-8:12
MERGED from [com.google.android.gms:play-services-base:18.7.2] AndroidManifest.xml:16:1-24:12
MERGED from [com.google.android.gms:play-services-tasks:18.3.2] AndroidManifest.xml:2:1-6:12
MERGED from [com.google.android.gms:play-services-basement:18.7.1] AndroidManifest.xml:16:1-26:12
MERGED from [androidx.core:core-location-altitude:1.0.0-alpha02] AndroidManifest.xml:17:1-22:12
MERGED from [androidx.work:work-runtime-ktx:2.11.1] AndroidManifest.xml:17:1-22:12
MERGED from [androidx.work:work-runtime:2.11.1] AndroidManifest.xml:17:1-83:12
MERGED from [androidx.room:room-runtime-android:2.8.4] AndroidManifest.xml:17:1-31:12
MERGED from [androidx.room:room-ktx:2.8.4] AndroidManifest.xml:17:1-22:12
MERGED from [androidx.room:room-paging-android:2.8.4] AndroidManifest.xml:17:1-22:12
MERGED from [androidx.paging:paging-common-android:3.4.1] AndroidManifest.xml:2:1-7:12
MERGED from [androidx.paging:paging-compose-android:3.4.1] AndroidManifest.xml:2:1-7:12
MERGED from [androidx.paging:paging-runtime:3.4.1] AndroidManifest.xml:2:1-7:12
MERGED from [androidx.recyclerview:recyclerview:1.4.0] AndroidManifest.xml:2:1-7:12
MERGED from [androidx.viewpager2:viewpager2:1.1.0-beta02] AndroidManifest.xml:2:1-7:12
MERGED from [org.maplibre.compose:maplibre-compose-android:0.12.1] AndroidManifest.xml:2:1-7:12
MERGED from [org.maplibre.gl:android-plugin-scalebar-v9:3.0.2] AndroidManifest.xml:2:1-7:12
MERGED from [org.maplibre.gl:android-sdk:12.0.1] AndroidManifest.xml:2:1-17:12
MERGED from [androidx.fragment:fragment:1.8.2] AndroidManifest.xml:2:1-7:12
MERGED from [androidx.fragment:fragment-ktx:1.8.2] AndroidManifest.xml:2:1-7:12
MERGED from [androidx.activity:activity-ktx:1.12.4] AndroidManifest.xml:2:1-7:12
MERGED from [dev.chrisbanes.haze:haze-android:1.7.1] AndroidManifest.xml:2:1-7:12
MERGED from [androidx.activity:activity:1.12.4] AndroidManifest.xml:17:1-22:12
MERGED from [com.materialkolor:material-kolor-android-debug:3.0.1] AndroidManifest.xml:2:1-7:12
MERGED from [androidx.compose.material3:material3-android:1.4.0] AndroidManifest.xml:17:1-22:12
MERGED from [androidx.compose.ui:ui-tooling-android:1.10.3] AndroidManifest.xml:17:1-28:12
MERGED from [org.jetbrains.compose.ui:ui-backhandler-android-debug:1.8.1] AndroidManifest.xml:2:1-7:12
MERGED from [androidx.activity:activity-compose:1.12.4] AndroidManifest.xml:2:1-7:12
MERGED from [androidx.customview:customview-poolingcontainer:1.0.0] AndroidManifest.xml:17:1-23:12
MERGED from [androidx.constraintlayout:constraintlayout-compose-android:1.1.1] AndroidManifest.xml:2:1-7:12
MERGED from [androidx.graphics:graphics-shapes-android:1.0.1] AndroidManifest.xml:2:1-7:12
MERGED from [androidx.loader:loader:1.0.0] AndroidManifest.xml:17:1-22:12
MERGED from [androidx.lifecycle:lifecycle-livedata:2.10.0] AndroidManifest.xml:17:1-22:12
MERGED from [org.jetbrains.compose.components:components-resources-android:1.9.2] AndroidManifest.xml:2:1-16:12
MERGED from [androidx.compose.material:material-android:1.10.3] AndroidManifest.xml:2:1-7:12
MERGED from [androidx.compose.material:material-ripple-android:1.10.3] AndroidManifest.xml:2:1-7:12
MERGED from [androidx.compose.foundation:foundation-android:1.10.3] AndroidManifest.xml:2:1-7:12
MERGED from [androidx.compose.foundation:foundation-layout-android:1.10.3] AndroidManifest.xml:2:1-7:12
MERGED from [androidx.compose.animation:animation-core-android:1.10.3] AndroidManifest.xml:2:1-7:12
MERGED from [androidx.compose.animation:animation-graphics-android:1.10.3] AndroidManifest.xml:2:1-7:12
MERGED from [androidx.compose.animation:animation-android:1.10.3] AndroidManifest.xml:2:1-7:12
MERGED from [androidx.compose.ui:ui-tooling-data-android:1.10.3] AndroidManifest.xml:2:1-7:12
MERGED from [androidx.compose.ui:ui-text-android:1.10.3] AndroidManifest.xml:2:1-7:12
MERGED from [androidx.compose.ui:ui-graphics-android:1.10.3] AndroidManifest.xml:2:1-7:12
MERGED from [androidx.compose.ui:ui-geometry-android:1.10.3] AndroidManifest.xml:2:1-7:12
MERGED from [androidx.compose.ui:ui-util-android:1.10.3] AndroidManifest.xml:2:1-7:12
MERGED from [androidx.compose.ui:ui-unit-android:1.10.3] AndroidManifest.xml:2:1-7:12
MERGED from [androidx.compose.ui:ui-tooling-preview-android:1.10.3] AndroidManifest.xml:17:1-22:12
MERGED from [androidx.navigationevent:navigationevent-android:1.0.2] AndroidManifest.xml:2:1-7:12
MERGED from [androidx.navigationevent:navigationevent-compose-android:1.0.2] AndroidManifest.xml:2:1-7:12
MERGED from [androidx.compose.runtime:runtime-retain-android:1.10.3] AndroidManifest.xml:2:1-7:12
MERGED from [androidx.compose.runtime:runtime-annotation-android:1.10.3] AndroidManifest.xml:2:1-7:12
MERGED from [androidx.savedstate:savedstate-ktx:1.4.0] AndroidManifest.xml:2:1-7:12
MERGED from [androidx.savedstate:savedstate-android:1.4.0] AndroidManifest.xml:17:1-22:12
MERGED from [androidx.savedstate:savedstate-compose-android:1.4.0] AndroidManifest.xml:2:1-7:12
MERGED from [androidx.compose.runtime:runtime-android:1.10.3] AndroidManifest.xml:2:1-7:12
MERGED from [androidx.compose.runtime:runtime-saveable-android:1.10.3] AndroidManifest.xml:2:1-7:12
MERGED from [androidx.lifecycle:lifecycle-livedata-core-ktx:2.10.0] AndroidManifest.xml:2:1-7:12
MERGED from [androidx.lifecycle:lifecycle-viewmodel:2.10.0] AndroidManifest.xml:2:1-5:12
MERGED from [androidx.lifecycle:lifecycle-viewmodel-android:2.10.0] AndroidManifest.xml:17:1-22:12
MERGED from [androidx.lifecycle:lifecycle-viewmodel-savedstate-android:2.10.0] AndroidManifest.xml:17:1-22:12
MERGED from [org.maplibre.gl:maplibre-android-gestures:0.0.4] AndroidManifest.xml:2:1-7:12
MERGED from [androidx.core:core-ktx:1.16.0] AndroidManifest.xml:2:1-7:12
MERGED from [com.github.requery:sqlite-android:3.49.0] AndroidManifest.xml:2:1-7:12
MERGED from [androidx.documentfile:documentfile:1.1.0] AndroidManifest.xml:2:1-7:12
MERGED from [androidx.slidingpanelayout:slidingpanelayout:1.2.0] AndroidManifest.xml:17:1-24:12
MERGED from [androidx.drawerlayout:drawerlayout:1.1.1] AndroidManifest.xml:17:1-24:12
MERGED from [androidx.coordinatorlayout:coordinatorlayout:1.1.0] AndroidManifest.xml:17:1-24:12
MERGED from [androidx.transition:transition:1.6.0] AndroidManifest.xml:2:1-7:12
MERGED from [androidx.dynamicanimation:dynamicanimation:1.1.0] AndroidManifest.xml:2:1-7:12
MERGED from [androidx.vectordrawable:vectordrawable-animated:1.1.0] AndroidManifest.xml:17:1-24:12
MERGED from [androidx.vectordrawable:vectordrawable:1.1.0] AndroidManifest.xml:17:1-24:12
MERGED from [androidx.webkit:webkit:1.4.0] AndroidManifest.xml:17:1-24:12
MERGED from [androidx.viewpager:viewpager:1.0.0] AndroidManifest.xml:17:1-22:12
MERGED from [androidx.customview:customview:1.1.0] AndroidManifest.xml:17:1-24:12
MERGED from [androidx.window:window-core-android:1.5.0] AndroidManifest.xml:2:1-7:12
MERGED from [androidx.window:window:1.5.0] AndroidManifest.xml:17:1-31:12
MERGED from [androidx.autofill:autofill:1.0.0] AndroidManifest.xml:17:1-24:12
MERGED from [androidx.graphics:graphics-path:1.0.1] AndroidManifest.xml:2:1-7:12
MERGED from [androidx.emoji2:emoji2-views-helper:1.4.0] AndroidManifest.xml:2:1-7:12
MERGED from [androidx.emoji2:emoji2:1.4.0] AndroidManifest.xml:17:1-35:12
MERGED from [androidx.core:core:1.16.0] AndroidManifest.xml:17:1-30:12
MERGED from [androidx.lifecycle:lifecycle-runtime-android:2.10.0] AndroidManifest.xml:17:1-22:12
MERGED from [androidx.lifecycle:lifecycle-livedata-core:2.10.0] AndroidManifest.xml:17:1-22:12
MERGED from [androidx.lifecycle:lifecycle-runtime-compose-android:2.10.0] AndroidManifest.xml:2:1-7:12
MERGED from [androidx.lifecycle:lifecycle-livedata-ktx:2.10.0] AndroidManifest.xml:2:1-7:12
MERGED from [androidx.lifecycle:lifecycle-runtime-ktx-android:2.10.0] AndroidManifest.xml:2:1-7:12
MERGED from [androidx.lifecycle:lifecycle-viewmodel-ktx:2.10.0] AndroidManifest.xml:2:1-7:12
MERGED from [androidx.lifecycle:lifecycle-process:2.10.0] AndroidManifest.xml:17:1-35:12
MERGED from [androidx.lifecycle:lifecycle-service:2.10.0] AndroidManifest.xml:2:1-7:12
MERGED from [androidx.lifecycle:lifecycle-viewmodel-compose-android:2.10.0] AndroidManifest.xml:2:1-7:12
MERGED from [androidx.compose.material:material-icons-extended-android:1.7.8] AndroidManifest.xml:2:1-7:12
MERGED from [androidx.compose.material:material-icons-core-android:1.7.8] AndroidManifest.xml:2:1-7:12
MERGED from [androidx.compose.ui:ui-android:1.10.3] AndroidManifest.xml:2:1-7:12
MERGED from [androidx.compose.ui:ui-test-manifest:1.10.3] AndroidManifest.xml:17:1-29:12
MERGED from [:stats-engine] AndroidManifest.xml:2:1-7:12
MERGED from [:stats-api] AndroidManifest.xml:2:1-7:12
MERGED from [androidx.datastore:datastore-preferences-core-android:1.2.0] AndroidManifest.xml:2:1-7:12
MERGED from [androidx.datastore:datastore-core-android:1.2.0] AndroidManifest.xml:2:1-7:12
MERGED from [androidx.datastore:datastore-preferences-android:1.2.0] AndroidManifest.xml:17:1-22:12
MERGED from [androidx.datastore:datastore-android:1.2.0] AndroidManifest.xml:17:1-22:12
MERGED from [androidx.core:core-splashscreen:1.0.1] AndroidManifest.xml:17:1-24:12
MERGED from [io.arrow-kt:arrow-core-android:2.1.2] AndroidManifest.xml:2:1-7:12
MERGED from [androidx.core:core-viewtree:1.0.0] AndroidManifest.xml:2:1-7:12
MERGED from [androidx.cardview:cardview:1.0.0] AndroidManifest.xml:17:1-22:12
MERGED from [com.github.PhilJay:MPAndroidChart:3.1.0] AndroidManifest.xml:2:1-20:12
MERGED from [androidx.cursoradapter:cursoradapter:1.0.0] AndroidManifest.xml:17:1-22:12
MERGED from [androidx.profileinstaller:profileinstaller:1.4.0] AndroidManifest.xml:17:1-55:12
MERGED from [androidx.startup:startup-runtime:1.1.1] AndroidManifest.xml:17:1-33:12
MERGED from [androidx.interpolator:interpolator:1.0.0] AndroidManifest.xml:17:1-22:12
MERGED from [androidx.versionedparcelable:versionedparcelable:1.1.1] AndroidManifest.xml:17:1-27:12
MERGED from [androidx.arch.core:core-runtime:2.2.0] AndroidManifest.xml:17:1-22:12
MERGED from [androidx.sqlite:sqlite-framework-android:2.6.2] AndroidManifest.xml:17:1-22:12
MERGED from [androidx.sqlite:sqlite-android:2.6.2] AndroidManifest.xml:17:1-22:12
MERGED from [androidx.tracing:tracing-ktx:1.3.0] AndroidManifest.xml:17:1-22:12
MERGED from [androidx.tracing:tracing-android:1.3.0] AndroidManifest.xml:17:1-22:12
MERGED from [androidx.annotation:annotation-experimental:1.5.0] AndroidManifest.xml:2:1-7:12
MERGED from [com.materialkolor:material-color-utilities-android-debug:3.0.1] AndroidManifest.xml:2:1-7:12
MERGED from [io.arrow-kt:arrow-atomic-android:2.1.2] AndroidManifest.xml:2:1-7:12
MERGED from [io.arrow-kt:arrow-annotations-android:2.1.2] AndroidManifest.xml:2:1-7:12
MERGED from [com.jakewharton.timber:timber:5.0.1] AndroidManifest.xml:2:1-9:12
MERGED from [co.touchlab:kermit-android-debug:2.0.8] AndroidManifest.xml:2:1-7:12
MERGED from [co.touchlab:kermit-core-android-debug:2.0.8] AndroidManifest.xml:2:1-7:12
MERGED from [com.google.dagger:dagger-lint-aar:2.59.2] AndroidManifest.xml:16:1-19:12
	package
		INJECTED from src\main\AndroidManifest.xml
	android:versionName
		INJECTED from src\main\AndroidManifest.xml
	xmlns:tools
		ADDED from src\main\AndroidManifest.xml:3:5-51
	android:versionCode
		INJECTED from src\main\AndroidManifest.xml
	xmlns:android
		ADDED from src\main\AndroidManifest.xml:2:11-69
uses-feature#android.hardware.location.gps
ADDED from src\main\AndroidManifest.xml:5:5-7:35
MERGED from [:tracker] AndroidManifest.xml:8:5-10:36
MERGED from [:tracker] AndroidManifest.xml:8:5-10:36
	android:required
		ADDED from src\main\AndroidManifest.xml:7:9-32
	android:name
		ADDED from src\main\AndroidManifest.xml:6:9-53
uses-feature#android.hardware.telephony
ADDED from src\main\AndroidManifest.xml:8:5-10:36
MERGED from [:tracker] AndroidManifest.xml:11:5-13:36
MERGED from [:tracker] AndroidManifest.xml:11:5-13:36
	android:required
		ADDED from src\main\AndroidManifest.xml:10:9-33
	android:name
		ADDED from src\main\AndroidManifest.xml:9:9-50
uses-feature#android.hardware.wifi
ADDED from src\main\AndroidManifest.xml:11:5-13:36
MERGED from [:tracker] AndroidManifest.xml:14:5-16:36
MERGED from [:tracker] AndroidManifest.xml:14:5-16:36
MERGED from [org.maplibre.gl:android-sdk:12.0.1] AndroidManifest.xml:7:5-9:36
MERGED from [org.maplibre.gl:android-sdk:12.0.1] AndroidManifest.xml:7:5-9:36
	android:required
		ADDED from src\main\AndroidManifest.xml:13:9-33
	android:name
		ADDED from src\main\AndroidManifest.xml:12:9-45
uses-feature#android.hardware.sensor.stepcounter
ADDED from src\main\AndroidManifest.xml:14:5-16:36
MERGED from [:tracker] AndroidManifest.xml:17:5-19:36
MERGED from [:tracker] AndroidManifest.xml:17:5-19:36
	android:required
		ADDED from src\main\AndroidManifest.xml:16:9-33
	android:name
		ADDED from src\main\AndroidManifest.xml:15:9-59
uses-permission#android.permission.ACCESS_FINE_LOCATION
ADDED from src\main\AndroidManifest.xml:18:5-79
MERGED from [:map] AndroidManifest.xml:8:5-79
MERGED from [:map] AndroidManifest.xml:8:5-79
MERGED from [:tracker] AndroidManifest.xml:24:5-79
MERGED from [:tracker] AndroidManifest.xml:24:5-79
MERGED from [:sutils] AndroidManifest.xml:7:5-79
MERGED from [:sutils] AndroidManifest.xml:7:5-79
MERGED from [org.maplibre.gl:android-sdk:12.0.1] AndroidManifest.xml:15:5-79
MERGED from [org.maplibre.gl:android-sdk:12.0.1] AndroidManifest.xml:15:5-79
	android:name
		ADDED from src\main\AndroidManifest.xml:18:22-76
uses-permission#android.permission.ACCESS_COARSE_LOCATION
ADDED from src\main\AndroidManifest.xml:19:5-81
MERGED from [:tracker] AndroidManifest.xml:25:5-81
MERGED from [:tracker] AndroidManifest.xml:25:5-81
MERGED from [:sutils] AndroidManifest.xml:8:5-81
MERGED from [:sutils] AndroidManifest.xml:8:5-81
MERGED from [:sbase] AndroidManifest.xml:8:5-81
MERGED from [:sbase] AndroidManifest.xml:8:5-81
MERGED from [org.maplibre.gl:android-sdk:12.0.1] AndroidManifest.xml:14:5-81
MERGED from [org.maplibre.gl:android-sdk:12.0.1] AndroidManifest.xml:14:5-81
	android:name
		ADDED from src\main\AndroidManifest.xml:19:22-78
uses-permission#android.permission.ACCESS_BACKGROUND_LOCATION
ADDED from src\main\AndroidManifest.xml:20:5-85
	android:name
		ADDED from src\main\AndroidManifest.xml:20:22-82
uses-permission#android.permission.ACCESS_NETWORK_STATE
ADDED from src\main\AndroidManifest.xml:21:5-79
MERGED from [androidx.work:work-runtime:2.11.1] AndroidManifest.xml:24:5-79
MERGED from [androidx.work:work-runtime:2.11.1] AndroidManifest.xml:24:5-79
MERGED from [org.maplibre.gl:android-sdk:12.0.1] AndroidManifest.xml:12:5-79
MERGED from [org.maplibre.gl:android-sdk:12.0.1] AndroidManifest.xml:12:5-79
	android:name
		ADDED from src\main\AndroidManifest.xml:21:22-76
uses-permission#android.permission.READ_PHONE_STATE
ADDED from src\main\AndroidManifest.xml:22:5-75
MERGED from [:tracker] AndroidManifest.xml:23:5-75
MERGED from [:tracker] AndroidManifest.xml:23:5-75
	android:name
		ADDED from src\main\AndroidManifest.xml:22:22-72
uses-permission#android.permission.WAKE_LOCK
ADDED from src\main\AndroidManifest.xml:23:5-68
MERGED from [androidx.work:work-runtime:2.11.1] AndroidManifest.xml:23:5-68
MERGED from [androidx.work:work-runtime:2.11.1] AndroidManifest.xml:23:5-68
	android:name
		ADDED from src\main\AndroidManifest.xml:23:22-65
uses-permission#android.permission.RECEIVE_BOOT_COMPLETED
ADDED from src\main\AndroidManifest.xml:24:5-81
MERGED from [androidx.work:work-runtime:2.11.1] AndroidManifest.xml:25:5-81
MERGED from [androidx.work:work-runtime:2.11.1] AndroidManifest.xml:25:5-81
	android:name
		ADDED from src\main\AndroidManifest.xml:24:22-78
uses-permission#android.permission.FOREGROUND_SERVICE
ADDED from src\main\AndroidManifest.xml:25:5-77
MERGED from [:tracker] AndroidManifest.xml:26:5-77
MERGED from [:tracker] AndroidManifest.xml:26:5-77
MERGED from [androidx.work:work-runtime:2.11.1] AndroidManifest.xml:26:5-77
MERGED from [androidx.work:work-runtime:2.11.1] AndroidManifest.xml:26:5-77
	android:name
		ADDED from src\main\AndroidManifest.xml:25:22-74
uses-permission#android.permission.POST_NOTIFICATIONS
ADDED from src\main\AndroidManifest.xml:26:5-76
	android:name
		ADDED from src\main\AndroidManifest.xml:26:22-74
uses-permission#android.permission.NEARBY_WIFI_DEVICES
ADDED from src\main\AndroidManifest.xml:28:5-78
	android:name
		ADDED from src\main\AndroidManifest.xml:28:22-75
uses-permission#android.permission.INTERNET
ADDED from src\main\AndroidManifest.xml:30:5-87
REJECTED from [org.maplibre.gl:android-sdk:12.0.1] AndroidManifest.xml:11:5-67
	tools:node
		ADDED from src\main\AndroidManifest.xml:30:65-84
	android:name
		ADDED from src\main\AndroidManifest.xml:30:22-64
application
ADDED from src\main\AndroidManifest.xml:32:5-133:19
INJECTED from src\main\AndroidManifest.xml:32:5-133:19
MERGED from [:tracker] AndroidManifest.xml:34:5-74:19
MERGED from [:tracker] AndroidManifest.xml:34:5-74:19
MERGED from [:activity] AndroidManifest.xml:11:5-25:19
MERGED from [:activity] AndroidManifest.xml:11:5-25:19
MERGED from [:game] AndroidManifest.xml:18:5-23:19
MERGED from [:game] AndroidManifest.xml:18:5-23:19
MERGED from [:statistics] AndroidManifest.xml:17:5-20:19
MERGED from [:statistics] AndroidManifest.xml:17:5-20:19
MERGED from [com.google.android.material:material:1.13.0-rc01] AndroidManifest.xml:22:5-20
MERGED from [com.google.android.material:material:1.13.0-rc01] AndroidManifest.xml:22:5-20
MERGED from [androidx.constraintlayout:constraintlayout:2.2.1] AndroidManifest.xml:7:5-20
MERGED from [androidx.constraintlayout:constraintlayout:2.2.1] AndroidManifest.xml:7:5-20
MERGED from [com.github.adsamcik:spotlight:2.2.3] AndroidManifest.xml:11:5-15:19
MERGED from [com.github.adsamcik:spotlight:2.2.3] AndroidManifest.xml:11:5-15:19
MERGED from [de.psdev.licensesdialog:licensesdialog:2.2.0] AndroidManifest.xml:24:5-20
MERGED from [de.psdev.licensesdialog:licensesdialog:2.2.0] AndroidManifest.xml:24:5-20
MERGED from [com.google.android.gms:play-services-location:21.3.0] AndroidManifest.xml:6:5-20
MERGED from [com.google.android.gms:play-services-location:21.3.0] AndroidManifest.xml:6:5-20
MERGED from [com.google.android.gms:play-services-base:18.7.2] AndroidManifest.xml:19:5-23:19
MERGED from [com.google.android.gms:play-services-base:18.7.2] AndroidManifest.xml:19:5-23:19
MERGED from [com.google.android.gms:play-services-tasks:18.3.2] AndroidManifest.xml:5:5-20
MERGED from [com.google.android.gms:play-services-tasks:18.3.2] AndroidManifest.xml:5:5-20
MERGED from [com.google.android.gms:play-services-basement:18.7.1] AndroidManifest.xml:20:5-24:19
MERGED from [com.google.android.gms:play-services-basement:18.7.1] AndroidManifest.xml:20:5-24:19
MERGED from [androidx.work:work-runtime:2.11.1] AndroidManifest.xml:28:5-81:19
MERGED from [androidx.work:work-runtime:2.11.1] AndroidManifest.xml:28:5-81:19
MERGED from [androidx.room:room-runtime-android:2.8.4] AndroidManifest.xml:23:5-29:19
MERGED from [androidx.room:room-runtime-android:2.8.4] AndroidManifest.xml:23:5-29:19
MERGED from [androidx.compose.ui:ui-tooling-android:1.10.3] AndroidManifest.xml:22:5-26:19
MERGED from [androidx.compose.ui:ui-tooling-android:1.10.3] AndroidManifest.xml:22:5-26:19
MERGED from [org.jetbrains.compose.components:components-resources-android:1.9.2] AndroidManifest.xml:7:5-14:19
MERGED from [org.jetbrains.compose.components:components-resources-android:1.9.2] AndroidManifest.xml:7:5-14:19
MERGED from [androidx.window:window:1.5.0] AndroidManifest.xml:22:5-29:19
MERGED from [androidx.window:window:1.5.0] AndroidManifest.xml:22:5-29:19
MERGED from [androidx.emoji2:emoji2:1.4.0] AndroidManifest.xml:23:5-33:19
MERGED from [androidx.emoji2:emoji2:1.4.0] AndroidManifest.xml:23:5-33:19
MERGED from [androidx.core:core:1.16.0] AndroidManifest.xml:28:5-89
MERGED from [androidx.core:core:1.16.0] AndroidManifest.xml:28:5-89
MERGED from [androidx.lifecycle:lifecycle-process:2.10.0] AndroidManifest.xml:23:5-33:19
MERGED from [androidx.lifecycle:lifecycle-process:2.10.0] AndroidManifest.xml:23:5-33:19
MERGED from [androidx.compose.ui:ui-test-manifest:1.10.3] AndroidManifest.xml:22:5-27:19
MERGED from [androidx.compose.ui:ui-test-manifest:1.10.3] AndroidManifest.xml:22:5-27:19
MERGED from [androidx.profileinstaller:profileinstaller:1.4.0] AndroidManifest.xml:23:5-53:19
MERGED from [androidx.profileinstaller:profileinstaller:1.4.0] AndroidManifest.xml:23:5-53:19
MERGED from [androidx.startup:startup-runtime:1.1.1] AndroidManifest.xml:25:5-31:19
MERGED from [androidx.startup:startup-runtime:1.1.1] AndroidManifest.xml:25:5-31:19
MERGED from [androidx.versionedparcelable:versionedparcelable:1.1.1] AndroidManifest.xml:24:5-25:19
MERGED from [androidx.versionedparcelable:versionedparcelable:1.1.1] AndroidManifest.xml:24:5-25:19
MERGED from [com.jakewharton.timber:timber:5.0.1] AndroidManifest.xml:7:5-20
MERGED from [com.jakewharton.timber:timber:5.0.1] AndroidManifest.xml:7:5-20
	android:extractNativeLibs
		INJECTED from src\main\AndroidManifest.xml
	android:appComponentFactory
		ADDED from [androidx.core:core:1.16.0] AndroidManifest.xml:28:18-86
	android:supportsRtl
		ADDED from src\main\AndroidManifest.xml:39:9-35
	android:label
		ADDED from src\main\AndroidManifest.xml:38:9-41
	android:fullBackupContent
		ADDED from src\main\AndroidManifest.xml:36:9-42
	tools:ignore
		ADDED from src\main\AndroidManifest.xml:41:9-48
	tools:targetApi
		ADDED from src\main\AndroidManifest.xml:43:9-28
	android:icon
		ADDED from src\main\AndroidManifest.xml:37:9-43
	android:allowBackup
		ADDED from src\main\AndroidManifest.xml:34:9-36
		REJECTED from [com.github.adsamcik:spotlight:2.2.3] AndroidManifest.xml:12:9-35
	android:theme
		ADDED from src\main\AndroidManifest.xml:40:9-40
	android:enableOnBackInvokedCallback
		ADDED from src\main\AndroidManifest.xml:35:9-51
	tools:replace
		ADDED from src\main\AndroidManifest.xml:42:9-70
	android:name
		ADDED from src\main\AndroidManifest.xml:33:9-60
meta-data#android.max_aspect
ADDED from src\main\AndroidManifest.xml:44:9-46:34
	android:value
		ADDED from src\main\AndroidManifest.xml:46:13-31
	android:name
		ADDED from src\main\AndroidManifest.xml:45:13-46
activity#com.adsamcik.tracker.app.activity.MainActivityCompose
ADDED from src\main\AndroidManifest.xml:71:9-82:20
	android:launchMode
		ADDED from src\main\AndroidManifest.xml:74:13-48
	android:windowSoftInputMode
		ADDED from src\main\AndroidManifest.xml:77:13-55
	android:exported
		ADDED from src\main\AndroidManifest.xml:73:13-36
	android:resizeableActivity
		ADDED from src\main\AndroidManifest.xml:75:13-46
	android:theme
		ADDED from src\main\AndroidManifest.xml:76:13-53
	android:name
		ADDED from src\main\AndroidManifest.xml:72:13-81
intent-filter#action:name:android.intent.action.MAIN+category:name:android.intent.category.LAUNCHER
ADDED from src\main\AndroidManifest.xml:78:13-81:29
action#android.intent.action.MAIN
ADDED from src\main\AndroidManifest.xml:79:17-69
	android:name
		ADDED from src\main\AndroidManifest.xml:79:25-66
category#android.intent.category.LAUNCHER
ADDED from src\main\AndroidManifest.xml:80:17-77
	android:name
		ADDED from src\main\AndroidManifest.xml:80:27-74
activity#com.adsamcik.tracker.app.onboarding.ui.OnboardingActivity
ADDED from src\main\AndroidManifest.xml:84:9-88:52
	android:screenOrientation
		ADDED from src\main\AndroidManifest.xml:88:13-49
	android:exported
		ADDED from src\main\AndroidManifest.xml:86:13-37
	android:theme
		ADDED from src\main\AndroidManifest.xml:87:13-44
	android:name
		ADDED from src\main\AndroidManifest.xml:85:13-85
activity#com.adsamcik.tracker.app.activity.licenses.ThirdPartyLicensesActivity
ADDED from src\main\AndroidManifest.xml:90:9-93:52
	android:screenOrientation
		ADDED from src\main\AndroidManifest.xml:93:13-49
	android:exported
		ADDED from src\main\AndroidManifest.xml:92:13-37
	android:name
		ADDED from src\main\AndroidManifest.xml:91:13-97
activity#com.adsamcik.tracker.impexp.exporter.activity.ImportExportComposeActivity
ADDED from src\main\AndroidManifest.xml:95:9-107:20
	android:screenOrientation
		ADDED from src\main\AndroidManifest.xml:98:13-49
	android:exported
		ADDED from src\main\AndroidManifest.xml:97:13-37
	android:name
		ADDED from src\main\AndroidManifest.xml:96:13-101
intent-filter#action:name:android.intent.action.PICK+category:name:android.intent.category.DEFAULT+category:name:android.intent.category.OPENABLE+data:mimeType:application/zip
ADDED from src\main\AndroidManifest.xml:99:13-106:29
action#android.intent.action.PICK
ADDED from src\main\AndroidManifest.xml:100:17-69
	android:name
		ADDED from src\main\AndroidManifest.xml:100:25-66
category#android.intent.category.DEFAULT
ADDED from src\main\AndroidManifest.xml:102:17-76
	android:name
		ADDED from src\main\AndroidManifest.xml:102:27-73
category#android.intent.category.OPENABLE
ADDED from src\main\AndroidManifest.xml:103:17-77
	android:name
		ADDED from src\main\AndroidManifest.xml:103:27-74
data
ADDED from src\main\AndroidManifest.xml:105:17-60
	android:mimeType
		ADDED from src\main\AndroidManifest.xml:105:23-57
activity#com.adsamcik.tracker.app.activity.debug.CrashManagerActivity
ADDED from src\main\AndroidManifest.xml:109:9-112:52
	android:screenOrientation
		ADDED from src\main\AndroidManifest.xml:112:13-49
	android:exported
		ADDED from src\main\AndroidManifest.xml:111:13-37
	android:name
		ADDED from src\main\AndroidManifest.xml:110:13-88
receiver#com.adsamcik.tracker.app.receiver.BootReceiver
ADDED from src\main\AndroidManifest.xml:114:9-120:20
	android:exported
		ADDED from src\main\AndroidManifest.xml:116:13-37
	android:name
		ADDED from src\main\AndroidManifest.xml:115:13-74